2026-07-23  ACTA  https://acta-vzw.be/vacatures/
2026-07-23  DAUBY  https://www.dauby.be/nl-be/jobs
2026-07-23  DCS VASTGOED & CONSULT  https://www.immopoint.be/vacatures
2026-07-23  DE GRAVE ENGINEERING  https://www.degrave-engineering.be/nl/jobs
2026-07-23  DE KRINGWINKEL MIDDEN-WEST-VLAANDEREN  https://www.dekringwinkelmidwest.be/vacatures
2026-07-23  DE MALLE KOKS  https://demallekoks.be/werken-bij-dmk/
2026-07-23  DE TARTINE  https://www.folie.fashion/jobs
2026-07-23  DE WITTE TRANS  https://aannemingendewitte.be/jobs/
2026-07-23  DECEUNINCK  https://www.deceuninck.com/jobs/
2026-07-23  DEGRANDE  https://www.degrande.be/
2026-07-23  DEGO VERZEKERINGEN  https://degoverzekeringen.be
2026-07-23  DEKIMO TURNHOUT  https://www.dekimo.com/jobs/
2026-07-23  DELAMILLIEURE  https://www.delamillieure.be/jobs
2026-07-23  DEL - SPORT  https://www.delsport.com/nl/vacatures
2026-07-23  DELRIN BELGIUM  https://www.delrin.com/careers/
2026-07-23  DELTASHOP & SERVICES  https://www.ezw.works/jobs
2026-07-23  DEMAGRO  https://demagro.be/vacatures/
2026-07-23  DECLERCK - DAELS, ARCHITECTEN  https://www.declerck-daels.be/team/vacatures/
2026-07-23  DELTA-TEMP  https://delta-temp.com/nl_be/vacatures/
2026-07-23  DENY LOGISTICS  https://www.denylogistics.com/nl/jobs
2026-07-23  DEPro Benelux  https://jobs.deprobenelux.eu/verify.html
2026-07-23  DEPREZ CONSTRUCT  https://deprez.be/nl/
2026-07-23  DESIGN EXPRESS  https://www.designexpress.eu/nl/vacatures
2026-07-23  DEVOCRUSH  https://www.devocrush.be/vacatures/
2026-07-23  DIAMETAL  https://www.diametal.be/over-ons/vacatures/
2026-07-23  DIAPAL  https://www.diapal.be/vacatures/
2026-07-23  DIAMUR  https://diamur.be/jobs/
2026-07-23  DI NITTO MAASLAND  https://www.dinitto.be/vacatures
2026-07-23  DICAR  https://www.dicar.be/vacatures/
2026-07-23  DIGINAV  https://www.diginav.be/jobs
2026-07-23  DIVE PRO GROUP  https://www.diveprogroup.be/jobs
2026-07-23  DIVOLI DATA PROCESSING BELGIUM  https://www.groupvanvooren.com/jobs
2026-07-23  DISTRILINK  https://distrilink.be/nl/homepage/
2026-07-23  DMG MORI BeLux  https://recruiting.dmgmori.com/Jobs/All?lang=eng
2026-07-23  DM RETAIL  https://www.mijnspar.be/jobs
2026-07-23  DNM  https://dnmverzekeringen.be/vacatures/
2026-07-23  DOKTERSHUIS ANTVERPIA  https://doktershuisantverpia.com/vacatures/
2026-07-23  DOMICA  https://www.domica.be/vacatures/
2026-07-23  DONSJE BELGIUM  https://donsje.com/pages/jobs
2026-07-23  DRUKKERIJ ATLANTA  https://www.drukkerijatlanta.be/vacatures/
2026-07-23  DRUMDRUM  https://jobs.drumdrum.eu/
2026-07-23  DRYSOLUTIONS  https://www.drysolutions.be/nl/jobs
2026-07-23  DRUKKERIJ BUROFORM  https://www.buroform.be/jobs/
2026-07-23  DUPONT  https://dupont.be/nl/jobs/
2026-07-23  DUBECOR  https://dubecor.be/vacatures/
2026-07-23  DSM Keukens  https://www.dsmkeukens.be/vacatures/
2026-07-23  DVV PARTNERS  https://www.dvvpartners.be/vacatures
2026-07-23  Daenekindt Landscaping Design  https://daenekindt-landscaping.be/vacatures
2026-07-23  Daneels Media Group  https://daneels.be/nl/vacatures/
2026-07-23  Dark at night  https://dark.be/jobs
2026-07-23  Dansschool D.I.O.P  https://www.dansschooldiop.be/vacatures
2026-07-23  De Cocon, jeugdhulp aan huis  https://www.decocon.be/default.aspx?PageId=4930
2026-07-23  De Inkom  https://www.deinkom.be/jobs
2026-07-23  De Lier vzw  https://deliervzw.be/gezocht/vacatures/
2026-07-23  De Oever  https://www.deoever.be/ons-oeverteam/vacatures/
2026-07-23  De Raster  https://netwerkwonenplus.be
2026-07-23  De Vestingen  https://www.devestingen.be/vacatures
2026-07-23  De Vier Notelaars  https://www.viernotelaars.be/vacatures/
2026-07-23  De Wandeler  https://www.dewandeler.be/jobs
2026-07-23  De Vierklaver  https://de-vierklaver.be/home/werken-bij/vacatures-vierklaver/
2026-07-23  De Zeepboeren  https://dezeepboeren.be/jobs/
2026-07-23  Delta BE  https://delta-pharma.eu/nl/careers/
2026-07-23  Desart  https://restaurant-joels.be/vacatures/
2026-07-23  Dimitri Peel  https://curalis.be/jobs/
2026-07-23  Dokter MYNY  https://www.debaronie.eu/jobs
2026-07-23  Domino  https://dominovzw.be/jobs
2026-07-23  Dr. Dooms Bénédicte  https://heteerstelijnshuis.be/vacatures
2026-07-23  Dr. Huys - Dr. Gravez  https://www.huysartsdendermonde.be/nl/vacatures/
2026-07-23  E-Ctrl  https://www.e-ctrl.be/jobs
2026-07-23  E-CRANE WORLDWIDE  https://www.e-crane.com
2026-07-23  E-Luse  https://e-luse.be/jobs/
2026-07-23  E. Van Wingen  https://www.vanwingen.be/jobs
2026-07-23  EA+ ARCHITECTEN EN INGENIEURS  https://eaplus.eu/vacatures/
2026-07-23  ECCO  https://eccoproducts.eu/nl-be/werken-bij-ecco
2026-07-23  ECOPOWER  https://ecopower.be/
2026-07-23  EECKHAUDT  https://www.eeckhaudt.be/nl/jobs/
2026-07-23  EGHT CARE  https://eghtcare.be/vacatures/
2026-07-23  ELEGANT  https://www.elegant.be/jobs
2026-07-23  EGP Solar BE I  https://www.enovosgreenpower.eu/vacatures/
2026-07-23  ELIPSE  https://elipse.eu/werken-bij-elipse/
2026-07-23  ELMEDIX  https://www.elmedix.com/vacatures/
2026-07-23  EMTEX  https://www.emtexlifescience.com/careers
2026-07-23  ENGGREEN  https://enggreen.be/nl/jobs-enggreen/
2026-07-23  ENGAGED  https://engaged.be/careers/
2026-07-23  EOS IT Management Solutions Belgium  https://eosits.com/jobs-test/
2026-07-23  ENTEK  https://jobs.entek.be/
2026-07-23  ENGISOL  https://www.engisol.eu/jobs
2026-07-23  ESKA LAW  https://eskalaw.be/vacatures/
2026-07-23  ESKENS BENELUX  https://werkenbij.eskens.com/
2026-07-23  ESV Technisch Adviesbureau  https://www.esvta.nl/vacatures
2026-07-23  ETHERNA IMMUNOTHERAPIES  https://careers.etherna.be/en
2026-07-23  EURAQUA-EUROPE  https://www.euraqua.com/jobs
2026-07-23  EUROCAP  https://www.eurocapeurocork.com/jobs
2026-07-23  EUROPEAN TRANSPORT MANAGEMENT  https://www.europeantransportmanagement.com/nl/vacatures
2026-07-23  EUROTRADING MORTIER  https://www.eurotradingmortier.be/vacatures
2026-07-23  EUROQUIP  https://www.euroquip.be/vacatures/
2026-07-23  EVENTPAY  https://eventpay.be/vacatures/
2026-07-23  EVOTIS  https://evotis.be/vacatures/
2026-07-23  EXTRAQT  https://www.extraqt.be/jobs
2026-07-23  EXPAT & C°  https://www.expatinsurance.eu/en/jobs
2026-07-23  EcoWerf, Intergemeentelijk Milieubedrijf Oost-Brabant  https://www.ecowerf.be/vacatures
2026-07-23  Educlien  https://www.educlien.com/jobs
2026-07-23  EetMee  https://www.eetmee.be/jobs/
2026-07-23  Einride Technologies Belgium  https://careers.einride.tech/
2026-07-23  Elektriciteitswerken Janssens  https://www.janssens-elektriciteitswerken.be/vacatures/
2026-07-23  Emob  https://www.emob.be/vacatures
2026-07-23  Emmaüs  https://www.emmaus.be/jobs
2026-07-23  Energy Together  https://www.energytogether.be/jobs
2026-07-23  Energiek Sint-Niklaas  https://zorgpuntwaasland.be/vacatures/
2026-07-23  Enervice  https://enervice.be/vacatures/
2026-07-23  Entourage Capital II  https://www.entourage.io/careers
2026-07-23  Envalior Specialty Compounds  https://www.envalior.com/en-us/home
2026-07-23  European Machine Delivery & Service  https://emdsbelgium.com/vacatures/
2026-07-23  ExecuJet MRO Services Belgium  https://www.execujet-mro.com/careers/
2026-07-23  E’Log Automation  https://elogautomation.com/jobs/
2026-07-23  Expo Experts  https://www.expo-experts.be/vacatures/
2026-07-23  FABLAB FACTORY  https://www.fablabfactory.com/jobs
2026-07-23  FAMILIEPRAKTIJK GOOSSENS-MAES  https://familiepraktijk.be
2026-07-23  FERRAM  https://www.ferram.be/vacatures/
2026-07-23  FEESTVERHUUR VAN ROMPAEY  https://feestverhuurvanrompaey.be/vacatures/
2026-07-23  FIETSEN WILDIERS  https://www.fietsenwildiers.be/
2026-07-23  FIRMA VAN DAMME  https://www.vandamme.eu/nl-be/jobs
2026-07-23  FIT-DESIGN  https://fit-design.be/jobs
2026-07-23  FIXMER BELGIUM  https://www.fixmer.be/nl/jobs
2026-07-23  FISCINVEST  https://www.grust.be/vacatures
2026-07-23  FITRAMA VERZEKERINGEN  https://fitrama.be/vacatures/
2026-07-23  FLANDERS AUCTIONS  https://flandersauctions.be/nl/jobs/
2026-07-23  FONDS VOOR DE RIJN- EN BINNENSCHEEPVAART  https://www.frb-fri.be/error/404
2026-07-23  FLUOR ENGINEERING  https://www.fluorengineering.be/careers
2026-07-23  FORE  https://jobs.fore.be/
2026-07-23  FOODPREPPER  https://foodprepper.be/jobs
2026-07-23  FRANSON  https://www.franson.be/vacatures/
2026-07-23  FRISKE  https://friske.be/vacatures/
2026-07-23  Familiezorg  https://jobs.familiezorg.be/
2026-07-23  Familiezorg West-Vlaanderen  https://www.thuiszorgfamiliezorg.be/vacatures/
2026-07-23  Fietsen Thys  https://www.fietsenthys.be/vacatures-2/
2026-07-23  Finance & Insurance Center ANM  https://www.f-ic.be/nl-be/jobs
2026-07-23  Flamingo Pet Products  https://www.flamingo.be/nl
2026-07-23  Fly Aeolus Air Taxi  https://flyaeolus.com/vacancies/
2026-07-23  Flöw  https://www.dansstudioflow.be/meer-flow/vacatures/
2026-07-23  Flovira  https://www.flovira.be/vacatures/
2026-07-23  Franke  https://jobs.franke.com/
2026-07-23  Food Blending  https://foodblending.be/jobs/
2026-07-23  FrieslandCampina  https://jobs.milcobel.com/
2026-07-23  FrontForce  https://www.frontforce.be/jobs/
2026-07-23  From Waste To Wind  https://www.fromwastetowind.com/jobs/
2026-07-23  Fribona  https://www.fribona.be/jobs
2026-07-23  GARAGE DE LINDE  https://www.delinde.be/vacatures/
2026-07-23  GARAGE LERNOU  https://garagelernou.be/jobs/
2026-07-23  GARAGE PEETERS  https://garagepeeters.be/jobs
2026-07-23  GAUTIER-INTOCEL  https://www.gautier-intocel.com/jobs
2026-07-23  GARAGE NEIRYNCK  https://www.garageneirynck.be/nl/404
2026-07-23  GECO  https://www.geco.be/nl/jobs
2026-07-23  GEERT GREPDON  https://www.grepdonverzekeringen.be/vacatures/relatiebeheerder-verzekeringen
2026-07-23  GETTOWEB  https://gettoweb.be/jobs
2026-07-23  GG Recup  https://ggrecup.be/
2026-07-23  GLUE  https://glue.be/jobs
2026-07-23  GO! scholengroep Gent  https://www.scholengroep.gent/solliciteren
2026-07-23  GM Drankenservice  https://gmdrankenservice.be/vacatures/
2026-07-23  GOOSSENS METAAL  https://www.goossensmetaal.be/jobs
2026-07-23  GREGOOR TRUCKS  https://www.gregoor.be/nl/vacatures
2026-07-23  GROEP BUSSELS  https://www.groepbussels.be/jobs
2026-07-23  GROEP LUYCKX  https://www.luyckx.be/nl/vacatures
2026-07-23  GTB - gespecialiseerd team bemiddeling  https://www.gtb.be/jobs
2026-07-23  GXO LOGISTICS ANTWERP BELGIUM  https://jobs.xpo.com/
2026-07-23  GXO Logistics Belgium  https://jobs.gxo.com/
2026-07-23  Gallery Ysebaert  https://galleryysebaert.be/jobs
2026-07-23  Geboortepraktijk  https://www.geboortepraktijk.be/
2026-07-23  Gemeente Diepenbeek  https://www.diepenbeek.be/vacatures
2026-07-23  Gemeente Beveren-Kruibeke-Zwijndrecht  https://www.gemeentebkz.be/vacatures
2026-07-23  Gemeente Keerbergen  https://www.keerbergen.be/vacatures
2026-07-23  Gemeente Grimbergen  https://www.grimbergen.be/vacatures
2026-07-23  Gemeente Glabbeek  https://www.glabbeek.be/vacatures
2026-07-23  Gemeente Lichtervelde  https://www.lichtervelde.be/vacatures
2026-07-23  Gemeente Kortenaken  https://www.kortenaken.be/vacatures
2026-07-23  Gemeente Sint-Katelijne-Waver  https://www.sintkatelijnewaver.be/vacatures
2026-07-23  Gemeente Middelkerke  https://www.middelkerke.be/nl/over-middelkerke/vacatures
2026-07-23  Gemeente Oostrozebeke  https://www.oostrozebeke.be/vacatures
2026-07-23  Gemeente Ranst  https://www.ranst.be/vacatures
2026-07-23  Gemeente Tielt-Winge  https://www.tielt-winge.be/vacatures
2026-07-23  Gemeente Wingene  https://www.wingene.be/vacatures
2026-07-23  Gesquiere  https://transportgesquiere.be/jobs/
2026-07-23  Gheeraert Express  https://jobs.gheeraert.be/nl
2026-07-23  Glenn Sestig Architects  https://www.glennsestigarchitects.com/careers/
2026-07-23  Gemeente Leopoldsburg  https://www.leopoldsburg.be/vacatures
2026-07-23  Gommaire  https://gommaire.com/jobs
2026-07-23  Gncomputers  https://www.gncomputers.be/jobs
2026-07-23  Goedefroo architecten  https://www.goedefroo.be/jobs
2026-07-23  Goed Hulpmiddelen  https://www.goed.be/nl/vacatures
2026-07-23  Gova Meubelen  https://www.gova.be/werken-bij-gova/
2026-07-23  GuestWay  https://guestway.io/careers/
2026-07-23  Group Fidura Verzekeringen  https://fidura.be/werken-bij-fidura/vacatures/
2026-07-23  HAECAR  https://www.groephaeck.be/vacatures/
2026-07-23  HALLMARK CARDS BELGIUM  https://jobs.hallmark.be/
2026-07-23  Gysemans Financiën  https://gysemansgroep.be/vacatures/
2026-07-23  HANDS MEDIAROUTING  https://hands.be/vacatures/
2026-07-23  HARDY BLOEMEN  https://www.hardybloemen.be/jobs
2026-07-23  HEATSAIL  https://www.heatsail.com/jobs
2026-07-23  HEENS en ZOON  https://www.heensenzoon.be/jobs
2026-07-23  HEFTRUCK SERVICE LIMBURG  https://hsl.be/werken-bij/
2026-07-23  HELI  https://www.heli.be/nl/vacatures
2026-07-23  HEIDENHAIN  https://www.heidenhain.be/vacatures
2026-07-23  HENDRICKX - DE BRUYN  https://www.hdbverzekeringen.be/nl-be/jobs
2026-07-23  HET DANSATELJEE  https://www.hetdansateljee.be/vacatures
2026-07-23  HEVADEX  https://hevadex.com/jobs
2026-07-23  HONINX  https://www.honinx.be/p/home.html
2026-07-23  HOORCENTRUM MARINUS  https://www.hoorcentrummarinus.be/vacatures
2026-07-23  HOUSE OF STEEL  https://houseofsteel.be/vacatures/
2026-07-23  HR SQUARE  https://hrsquare.be/fr/jobs-etudiants-il-ny-a-plus-de-saison/
2026-07-23  HULPVERLENINGSZONE ZUIDWEST LIMBURG  https://jobs.zuidwestlimburg.be/v1.0/
2026-07-23  HYDROPURE  https://www.hydropure.be/nl/jobs
2026-07-23  HVAC-SYSTEMS  https://climanova.com/nl/werken-bij
2026-07-23  HYDROSERV  https://hydroserv.eu/jobs/
2026-07-23  Happy Volcano  https://www.happyvolcano.com/careers
2026-07-23  HYMATEC  https://hymatec.be/vacatures/
2026-07-23  Hartencollege  https://hartencollege.be/vacatures/
2026-07-23  HYBRID Software Development  https://hybridsoftware.com/careers/
2026-07-23  Helan Onafhankelijk ziekenfonds  https://www.helan.be/jobs
2026-07-23  Hermie Online  https://hermie.com/be-nl/vacatures
2026-07-23  Het Metaal  https://hetmetaal.be/jobs
2026-07-23  High On Life  https://highonlife.be/vacatures/
2026-07-23  Home Sebrechts  https://jobs.armonea.be/nl/index.aspx
2026-07-23  Horizon  https://horizonvzw.be/vacatures/
2026-07-23  House Check  https://www.housecheck.be/jobs
2026-07-23  Howden Maintenance Partners Belgium  https://www.maintenancepartners.com/careers
2026-07-23  Humbug  https://www.humbugmag.be/vacatures
2026-07-23  IDCREATION  https://www.idcreation.be/nl/jobs
2026-07-23  ILB INTERFREIGHT LOGISTICS BENELUX ANTWERP  https://ilb-group.com/jobs/
2026-07-23  IDENTIS INVEST  https://www.identis.be/vacatures/
2026-07-23  IMAGE LINE  https://www.image-line.com/jobs
2026-07-23  IMMO SIVAFROST  https://sivafrost.be/jobs/
2026-07-23  IMS BELGIUM  https://www.ims-belgium.biz/en/about-us/careers/
2026-07-23  INDECON  https://indecon.be/vacatures/
2026-07-23  INDUSTRIEVEREN ALGOET  https://www.industrieverenalgoet.be/nl/jobs
2026-07-23  INDUSTRONIC  https://industronic.be/vacatures/
2026-07-23  INFOMAT  https://www.infomat.eu/page/nl/vacatures
2026-07-23  INTEGRATED MATERIAL CONTROL ENGINEERING  https://imce.eu/about-us/jobs/
2026-07-23  INTERNETFABRIEK  https://www.internetfabriek.be/jobs
2026-07-23  INTERTEK BELGIUM  https://www.intertek.com/careers/
2026-07-23  INTERIOR PROJECTS  https://www.interiorprojects.be/nl/jobs/
2026-07-23  INTERSOFT ELECTRONICS SERVICES  https://www.intersoft-electronics.services/jobs
2026-07-23  INVIBES ADVERTISING  https://www.invibes.com/
2026-07-23  IP FAB  https://ip-fab.com/careers
2026-07-23  IQVIA MedTech NV  https://jobs.iqvia.com/en
2026-07-23  ISOPROC  https://www.isoproc.be/nl/ons-bedrijf/vacatures
2026-07-23  ITS Plus  https://www.its-plus.be/vacatures/
2026-07-23  IWAssur  https://iwassur.be/jobs/
2026-07-23  Icha  https://www.icha.be/meet-the-team/vacatures/
2026-07-23  Inclure Architecten  https://inclure.be/vacatures/
2026-07-23  Inmanta  https://www.inmanta.com/careers
2026-07-23  IndustryVibes  https://www.industryvibes.be/vacatures/
2026-07-23  Innoptus Belgium  https://www.innoptus.com/nl/vacatures
2026-07-23  Instituut van het Heilig graf  https://secundair.heilig-graf.be/jobs
2026-07-23  InterIT  https://www.interit.be/jobs
2026-07-23  Intercommunale voor Ontwikkeling van het Gewest Mechelen en Omgeving  https://igemo.be/vacatures/
2026-07-23  InviteDesk  https://invitedesk.com/en-gb/jobs/
2026-07-23  Izyprint  https://izyprint.be/nl/vacatures
2026-07-23  Interpolimeri BV  https://interpolimeri.com/careers/
2026-07-23  JARICE  https://www.jarice.com/nl/jobs
2026-07-23  JAS FORWARDING WORLDWIDE (BELGIUM)  https://www.jas.com/careers/
2026-07-23  JIGSO  https://jigso.com/company/jobs/
2026-07-23  JMW Steelworks  https://www.jmwsteelworks.be/vacatures/
2026-07-23  JO BEAU PRODUCTS  https://www.jobeau.eu/nl/vacatures
2026-07-23  JOSEPH EN HENRI LEUS  https://leus.be/vacatures/
2026-07-23  Jeugdzorg Ter Elst  https://www.jeugdzorgterelst.be/vacatures
2026-07-23  Jongerenzorg Zuid-West-Vlaanderen  https://www.jongerenzorg.be/vacatures.html
2026-07-23  Joulz Sun4Business 1  https://jobs.engie.com/
2026-07-23  KAIRON LABS  https://kaironlabs.com/careers
2026-07-23  KAAYMAN  https://www.kaayman.be/jobs
2026-07-23  KEESING BELGIUM  https://careers.keesing.com/
2026-07-23  KATHOLIEK ONDERWIJS MECHELEN EN OMGEVING  https://www.komo.be/vacatures/
2026-07-23  KINE GIJBELS ERIK  https://respiro.be
2026-07-23  KINESITHERAPIE TILLE  https://groepspraktijktille.be/vacatures/
2026-07-23  KINTRANS  https://www.kintrans.be/nl/chauffeurs-gezocht
2026-07-23  KLAARCHITECTUUR  https://www.klaarchitectuur.be/vacatures
2026-07-23  KNAPP AG  https://www.knapp.com/
2026-07-23  KNO maatschap Pelt  https://jobs.noorderhart.be/
2026-07-23  KNOKKE - CARS  https://www.autohandelquintens.be/vacatures/
2026-07-23  KORAAL  https://www.koraal.be/vacatures-vrijwilligers-stages/
2026-07-23  KRIOSS  https://www.exacto-hisstyle.be/nl/404
2026-07-23  KRAS ARCHITECTEN  https://www.krasarchitecten.be/vacatures
2026-07-23  KRIVALO  https://tbundershof.be/vacatures/
2026-07-23  Kadanza  https://www.kadanza.com/jobs
2026-07-23  Kanvas Atelier  https://jobs.kanvasatelier.be/
2026-07-23  Katholieke Scholen Temse-Scheldekant  https://jobs.onfo@ksts.be/
2026-07-23  Kinderopvang Mariawende  https://www.ko-mariawende.be/vacatures
2026-07-23  Kinepraktijk Kampenhout-Berg  https://www.kinekampenhout.be/vacatures
2026-07-23  Klief  https://klief.be/jobs
2026-07-23  Koelen C & W  https://www.bakkerij-koelen.be/be-nl/jobs
2026-07-23  Koffie en Meer vzw  https://koffie-en-meer.odoo.com/nl_BE/jobs
2026-07-23  Korazon  https://www.korazon.be/nl/jobs/
2026-07-23  Kongsberg Precision Cutting Systems Belgium  https://www.kongsbergsystems.com/en/careers
2026-07-23  Krikke  https://www.krikke.be/vacatures
2026-07-23  Kynergie  https://www.kynergie.be/vacatures
2026-07-23  L&M CONSULT  https://www.lmconsult.be/nl-be/jobs
2026-07-23  LAM Insurance  https://www.lam-insurance.be/fr-be/jobs
